<?xml version="1.0" encoding="UTF-8"?>
<testsuite xmlns:xsi="http://www.w3.org/2001/XMLSchema-instance" xsi:noNamespaceSchemaLocation="https://maven.apache.org/surefire/maven-surefire-plugin/xsd/surefire-test-report-3.0.xsd" version="3.0" name="pl.edu.agh.kis.pz1.CheckInTest" time="0.076" tests="4" errors="0" skipped="0" failures="0">
  <properties>
[...]
</properties>
  <testcase name="add_more_occupants" classname="pl.edu.agh.kis.pz1.CheckInTest" time="0.05">
    <system-out><![CDATA[Type room number (format: f.n where f - floor, n - room number): Cost of room stay: 9600
The bill issued to: Adam Nowak
Id: 34854577777
Phone Number: +12777777777
Mail: a@a.a

Type room number (format: f.n where f - floor, n - room number): Creating Person...
PESEL (skip if PESEL not definied): NAME: SURNAME: PHONE NUMBER: MAIL: The room has 1 more seats. Would you like to add someone? (Y/N)
Creating Person...
PESEL (skip if PESEL not definied): NAME: SURNAME: PHONE NUMBER: MAIL: Type check in date (format: YYYY-MM-DD) or click enter to set current date: 
Enter the length of stay (days): Type additional info: Check in procedure successful!
]]></system-out>
  </testcase>
  <testcase name="room_not_found" classname="pl.edu.agh.kis.pz1.CheckInTest" time="0.002"/>
  <testcase name="room_is_occupied" classname="pl.edu.agh.kis.pz1.CheckInTest" time="0.002"/>
  <testcase name="all_correct" classname="pl.edu.agh.kis.pz1.CheckInTest" time="0.002"/>
</testsuite>